<?xml version="1.0" encoding="UTF-8"?>
<!-- Generated by org.testng.reporters.JUnitReportReporter -->
<testsuite hostname="Rajat" failures="0" tests="1" name="RunnerFiles.RunnerFile" time="15.308" errors="0" timestamp="2024-08-31T00:54:24 IST" skipped="0">
  <testcase classname="RunnerFiles.RunnerFile" name="runScenario" time="15.308"/>
</testsuite> <!-- RunnerFiles.RunnerFile -->
